  main.cpp
  arm-none-eabi-g++ -MMD -MP -MF /d/Documents/CodingWork/Year2/CT5036ProgrammingLowLevelArchitecture/KoopaRevenge/KoopaRevenge/build/main.d -g -Wall -O3 -mcpu=arm7tdmi -mtune=arm7tdmi -fomit-frame-pointer -ffast-math -mthumb -mthumb-interwork -iquote /d/Documents/CodingWork/Year2/CT5036ProgrammingLowLevelArchitecture/KoopaRevenge/KoopaRevenge/include -I/c/devkitPro/libgba/include -I/d/Documents/CodingWork/Year2/CT5036ProgrammingLowLevelArchitecture/KoopaRevenge/KoopaRevenge/build -fno-rtti -fno-exceptions -c /d/Documents/CodingWork/Year2/CT5036ProgrammingLowLevelArchitecture/KoopaRevenge/KoopaRevenge/source/main.cpp -o main.o 
  In file included from d:/Documents/CodingWork/Year2/CT5036ProgrammingLowLevelArchitecture/KoopaRevenge/KoopaRevenge/include/game.h:14:0,
                   from d:/Documents/CodingWork/Year2/CT5036ProgrammingLowLevelArchitecture/KoopaRevenge/KoopaRevenge/source/main.cpp:9:
  d:/Documents/CodingWork/Year2/CT5036ProgrammingLowLevelArchitecture/KoopaRevenge/KoopaRevenge/include/player.h: In function 'int main()':
d:/Documents/CodingWork/Year2/CT5036ProgrammingLowLevelArchitecture/KoopaRevenge/KoopaRevenge/include/player.h(104,57): warning GD44A65DF: 'player.Player::sprite' is used uninitialized in this function [-Wuninitialized]
     sprite->Attribute = &MEMORY_OBJECT_ATTRIBUTE_MEMORY[0];
                                                           ^
  In file included from d:/Documents/CodingWork/Year2/CT5036ProgrammingLowLevelArchitecture/KoopaRevenge/KoopaRevenge/source/main.cpp:9:0:
  d:/Documents/CodingWork/Year2/CT5036ProgrammingLowLevelArchitecture/KoopaRevenge/KoopaRevenge/include/game.h:55:10: note: 'player.Player::sprite' was declared here
     Player player;//Create the player.
            ^
  gba_directMemoryAccess.c
  arm-none-eabi-gcc -MMD -MP -MF /d/Documents/CodingWork/Year2/CT5036ProgrammingLowLevelArchitecture/KoopaRevenge/KoopaRevenge/build/gba_directMemoryAccess.d -g -Wall -O3 -mcpu=arm7tdmi -mtune=arm7tdmi -fomit-frame-pointer -ffast-math -mthumb -mthumb-interwork -iquote /d/Documents/CodingWork/Year2/CT5036ProgrammingLowLevelArchitecture/KoopaRevenge/KoopaRevenge/include -I/c/devkitPro/libgba/include -I/d/Documents/CodingWork/Year2/CT5036ProgrammingLowLevelArchitecture/KoopaRevenge/KoopaRevenge/build -c /d/Documents/CodingWork/Year2/CT5036ProgrammingLowLevelArchitecture/KoopaRevenge/KoopaRevenge/source/gba_directMemoryAccess.c -o gba_directMemoryAccess.o 
  gba_drawing.c
  arm-none-eabi-gcc -MMD -MP -MF /d/Documents/CodingWork/Year2/CT5036ProgrammingLowLevelArchitecture/KoopaRevenge/KoopaRevenge/build/gba_drawing.d -g -Wall -O3 -mcpu=arm7tdmi -mtune=arm7tdmi -fomit-frame-pointer -ffast-math -mthumb -mthumb-interwork -iquote /d/Documents/CodingWork/Year2/CT5036ProgrammingLowLevelArchitecture/KoopaRevenge/KoopaRevenge/include -I/c/devkitPro/libgba/include -I/d/Documents/CodingWork/Year2/CT5036ProgrammingLowLevelArchitecture/KoopaRevenge/KoopaRevenge/build -c /d/Documents/CodingWork/Year2/CT5036ProgrammingLowLevelArchitecture/KoopaRevenge/KoopaRevenge/source/gba_drawing.c -o gba_drawing.o 
  gba_graphics.c
  arm-none-eabi-gcc -MMD -MP -MF /d/Documents/CodingWork/Year2/CT5036ProgrammingLowLevelArchitecture/KoopaRevenge/KoopaRevenge/build/gba_graphics.d -g -Wall -O3 -mcpu=arm7tdmi -mtune=arm7tdmi -fomit-frame-pointer -ffast-math -mthumb -mthumb-interwork -iquote /d/Documents/CodingWork/Year2/CT5036ProgrammingLowLevelArchitecture/KoopaRevenge/KoopaRevenge/include -I/c/devkitPro/libgba/include -I/d/Documents/CodingWork/Year2/CT5036ProgrammingLowLevelArchitecture/KoopaRevenge/KoopaRevenge/build -c /d/Documents/CodingWork/Year2/CT5036ProgrammingLowLevelArchitecture/KoopaRevenge/KoopaRevenge/source/gba_graphics.c -o gba_graphics.o 
  gba_input.c
  arm-none-eabi-gcc -MMD -MP -MF /d/Documents/CodingWork/Year2/CT5036ProgrammingLowLevelArchitecture/KoopaRevenge/KoopaRevenge/build/gba_input.d -g -Wall -O3 -mcpu=arm7tdmi -mtune=arm7tdmi -fomit-frame-pointer -ffast-math -mthumb -mthumb-interwork -iquote /d/Documents/CodingWork/Year2/CT5036ProgrammingLowLevelArchitecture/KoopaRevenge/KoopaRevenge/include -I/c/devkitPro/libgba/include -I/d/Documents/CodingWork/Year2/CT5036ProgrammingLowLevelArchitecture/KoopaRevenge/KoopaRevenge/build -c /d/Documents/CodingWork/Year2/CT5036ProgrammingLowLevelArchitecture/KoopaRevenge/KoopaRevenge/source/gba_input.c -o gba_input.o 
  gba_math.c
  arm-none-eabi-gcc -MMD -MP -MF /d/Documents/CodingWork/Year2/CT5036ProgrammingLowLevelArchitecture/KoopaRevenge/KoopaRevenge/build/gba_math.d -g -Wall -O3 -mcpu=arm7tdmi -mtune=arm7tdmi -fomit-frame-pointer -ffast-math -mthumb -mthumb-interwork -iquote /d/Documents/CodingWork/Year2/CT5036ProgrammingLowLevelArchitecture/KoopaRevenge/KoopaRevenge/include -I/c/devkitPro/libgba/include -I/d/Documents/CodingWork/Year2/CT5036ProgrammingLowLevelArchitecture/KoopaRevenge/KoopaRevenge/build -c /d/Documents/CodingWork/Year2/CT5036ProgrammingLowLevelArchitecture/KoopaRevenge/KoopaRevenge/source/gba_math.c -o gba_math.o 
  gba_mathUtility.c
  arm-none-eabi-gcc -MMD -MP -MF /d/Documents/CodingWork/Year2/CT5036ProgrammingLowLevelArchitecture/KoopaRevenge/KoopaRevenge/build/gba_mathUtility.d -g -Wall -O3 -mcpu=arm7tdmi -mtune=arm7tdmi -fomit-frame-pointer -ffast-math -mthumb -mthumb-interwork -iquote /d/Documents/CodingWork/Year2/CT5036ProgrammingLowLevelArchitecture/KoopaRevenge/KoopaRevenge/include -I/c/devkitPro/libgba/include -I/d/Documents/CodingWork/Year2/CT5036ProgrammingLowLevelArchitecture/KoopaRevenge/KoopaRevenge/build -c /d/Documents/CodingWork/Year2/CT5036ProgrammingLowLevelArchitecture/KoopaRevenge/KoopaRevenge/source/gba_mathUtility.c -o gba_mathUtility.o 
  gba_timers.c
  arm-none-eabi-gcc -MMD -MP -MF /d/Documents/CodingWork/Year2/CT5036ProgrammingLowLevelArchitecture/KoopaRevenge/KoopaRevenge/build/gba_timers.d -g -Wall -O3 -mcpu=arm7tdmi -mtune=arm7tdmi -fomit-frame-pointer -ffast-math -mthumb -mthumb-interwork -iquote /d/Documents/CodingWork/Year2/CT5036ProgrammingLowLevelArchitecture/KoopaRevenge/KoopaRevenge/include -I/c/devkitPro/libgba/include -I/d/Documents/CodingWork/Year2/CT5036ProgrammingLowLevelArchitecture/KoopaRevenge/KoopaRevenge/build -c /d/Documents/CodingWork/Year2/CT5036ProgrammingLowLevelArchitecture/KoopaRevenge/KoopaRevenge/source/gba_timers.c -o gba_timers.o 
  In file included from d:/Documents/CodingWork/Year2/CT5036ProgrammingLowLevelArchitecture/KoopaRevenge/KoopaRevenge/source/gba_timers.c:8:0:
  d:/Documents/CodingWork/Year2/CT5036ProgrammingLowLevelArchitecture/KoopaRevenge/KoopaRevenge/source/gba_timers.c: In function 'stopDelay':
d:/Documents/CodingWork/Year2/CT5036ProgrammingLowLevelArchitecture/KoopaRevenge/KoopaRevenge/include/gba_timers.h(20,25): warning G15CAB38F: passing argument 1 of 'timerDisable' makes pointer from integer without a cast [-Wint-conversion]
   #define TIMER_0_CONTROL *((vu16*)(0x04000102))
                           ^
  d:/Documents/CodingWork/Year2/CT5036ProgrammingLowLevelArchitecture/KoopaRevenge/KoopaRevenge/source/gba_timers.c:43:15: note: in expansion of macro 'TIMER_0_CONTROL'
    timerDisable(TIMER_0_CONTROL);
                 ^
  d:/Documents/CodingWork/Year2/CT5036ProgrammingLowLevelArchitecture/KoopaRevenge/KoopaRevenge/source/gba_timers.c:15:6: note: expected 'u16 * {aka short unsigned int *}' but argument is of type 'vu16 {aka volatile short unsigned int}'
   void timerDisable(u16* a_timerControl)
        ^
  In file included from d:/Documents/CodingWork/Year2/CT5036ProgrammingLowLevelArchitecture/KoopaRevenge/KoopaRevenge/source/gba_timers.c:8:0:
d:/Documents/CodingWork/Year2/CT5036ProgrammingLowLevelArchitecture/KoopaRevenge/KoopaRevenge/include/gba_timers.h(21,25): warning G15CAB38F: passing argument 1 of 'timerDisable' makes pointer from integer without a cast [-Wint-conversion]
   #define TIMER_1_CONTROL *((vu16*)(0x04000106))
                           ^
  d:/Documents/CodingWork/Year2/CT5036ProgrammingLowLevelArchitecture/KoopaRevenge/KoopaRevenge/source/gba_timers.c:44:15: note: in expansion of macro 'TIMER_1_CONTROL'
    timerDisable(TIMER_1_CONTROL);
                 ^
  d:/Documents/CodingWork/Year2/CT5036ProgrammingLowLevelArchitecture/KoopaRevenge/KoopaRevenge/source/gba_timers.c:15:6: note: expected 'u16 * {aka short unsigned int *}' but argument is of type 'vu16 {aka volatile short unsigned int}'
   void timerDisable(u16* a_timerControl)
        ^
  linking cartridge
  built ... KoopaRevenge.gba
  ROM fixed!
